Unity Editor version:    2022.3.10f1 (ff3792e53c62)
Branch:                  2022.3/staging
Build type:              Release
Batch mode:              YES
macOS version:           Version 14.5 (Build 23F79)
Darwin version:          23.5.0
Architecture:            arm64
Running under Rosetta:   NO
Available memory:        16384 MB
Using pre-set license
Pro License: YES

COMMAND LINE ARGUMENTS:
/Applications/Unity/Hub/Editor/2022.3.10f1/Unity.app/Contents/MacOS/Unity
-adb2
-batchMode
-noUpm
-name
AssetImportWorker0
-projectPath
/Users/gustavorl/Documents/GitHub/VS-SolarSystem/SolarSystemGus
-logFile
Logs/AssetImportWorker0.log
-srvPort
57733
Successfully changed project path to: /Users/gustavorl/Documents/GitHub/VS-SolarSystem/SolarSystemGus
/Users/gustavorl/Documents/GitHub/VS-SolarSystem/SolarSystemGus
[UnityMemory] Configuration Parameters - Can be set up in boot.config
    "memorysetup-bucket-allocator-granularity=16"
    "memorysetup-bucket-allocator-bucket-count=8"
    "memorysetup-bucket-allocator-block-size=33554432"
    "memorysetup-bucket-allocator-block-count=8"
    "memorysetup-main-allocator-block-size=16777216"
    "memorysetup-thread-allocator-block-size=16777216"
    "memorysetup-gfx-main-allocator-block-size=16777216"
    "memorysetup-gfx-thread-allocator-block-size=16777216"
    "memorysetup-cache-allocator-block-size=4194304"
    "memorysetup-typetree-allocator-block-size=2097152"
    "memorysetup-profiler-bucket-allocator-granularity=16"
    "memorysetup-profiler-bucket-allocator-bucket-count=8"
    "memorysetup-profiler-bucket-allocator-block-size=33554432"
    "memorysetup-profiler-bucket-allocator-block-count=8"
    "memorysetup-profiler-allocator-block-size=16777216"
    "memorysetup-profiler-editor-allocator-block-size=1048576"
    "memorysetup-temp-allocator-size-main=16777216"
    "memorysetup-job-temp-allocator-block-size=2097152"
    "memorysetup-job-temp-allocator-block-size-background=1048576"
    "memorysetup-job-temp-allocator-reduction-small-platforms=262144"
    "memorysetup-allocator-temp-initial-block-size-main=262144"
    "memorysetup-allocator-temp-initial-block-size-worker=262144"
    "memorysetup-temp-allocator-size-background-worker=32768"
    "memorysetup-temp-allocator-size-job-worker=262144"
    "memorysetup-temp-allocator-size-preload-manager=33554432"
    "memorysetup-temp-allocator-size-nav-mesh-worker=65536"
    "memorysetup-temp-allocator-size-audio-worker=65536"
    "memorysetup-temp-allocator-size-cloud-worker=32768"
    "memorysetup-temp-allocator-size-gi-baking-worker=262144"
    "memorysetup-temp-allocator-size-gfx=262144"
Player connection [8243842048] Host "[IP] 10.0.0.40 [Port] 0 [Flags] 2 [Guid] 2795755722 [EditorId] 2795755722 [Version] 1048832 [Id] OSXEditor(0,MF-MAC-790) [Debug] 1 [PackageName] OSXEditor [ProjectName] Editor" joined multi-casting on [225.0.0.222:54997]...

Player connection [8243842048] Host "[IP] 10.0.0.40 [Port] 0 [Flags] 2 [Guid] 2795755722 [EditorId] 2795755722 [Version] 1048832 [Id] OSXEditor(0,MF-MAC-790) [Debug] 1 [PackageName] OSXEditor [ProjectName] Editor" joined alternative multi-casting on [225.0.0.222:34997]...

[Physics::Module] Initialized MultithreadedJobDispatcher with 11 workers.
Refreshing native plugins compatible for Editor in 15.80 ms, found 2 plugins.
Preloading 0 native plugins for Editor in 0.00 ms.
Initialize engine version: 2022.3.10f1 (ff3792e53c62)
[Subsystems] Discovering subsystems at path /Applications/Unity/Hub/Editor/2022.3.10f1/Unity.app/Contents/Resources/UnitySubsystems
[Subsystems] Discovering subsystems at path /Users/gustavorl/Documents/GitHub/VS-SolarSystem/SolarSystemGus/Assets
GfxDevice: creating device client; threaded=0; jobified=0
 preferred device: Apple M2 Pro (high power)
Metal devices available: 1
0: Apple M2 Pro (high power)
Using device Apple M2 Pro (high power)
Initializing Metal device caps: Apple M2 Pro
Initialize mono
Mono path[0] = '/Applications/Unity/Hub/Editor/2022.3.10f1/Unity.app/Contents/Managed'
Mono path[1] = '/Applications/Unity/Hub/Editor/2022.3.10f1/Unity.app/Contents/MonoBleedingEdge/lib/mono/unityjit-macos'
Mono config path = '/Applications/Unity/Hub/Editor/2022.3.10f1/Unity.app/Contents/MonoBleedingEdge/etc'
Using monoOptions --debugger-agent=transport=dt_socket,embedding=1,server=y,suspend=n,address=127.0.0.1:56231
Begin MonoManager ReloadAssembly
Registering precompiled unity dll's ...
Register platform support module: /Applications/Unity/Hub/Editor/2022.3.10f1/PlaybackEngines/WebGLSupport/UnityEditor.WebGL.Extensions.dll
Register platform support module: /Applications/Unity/Hub/Editor/2022.3.10f1/Unity.app/Contents/PlaybackEngines/MacStandaloneSupport/UnityEditor.OSXStandalone.Extensions.dll
Register platform support module: /Applications/Unity/Hub/Editor/2022.3.10f1/PlaybackEngines/WindowsStandaloneSupport/UnityEditor.WindowsStandalone.Extensions.dll
Registered in 0.004183 seconds.
- Loaded All Assemblies, in  0.282 seconds
Native extension for WindowsStandalone target not found
Native extension for OSXStandalone target not found
Native extension for WebGL target not found
Mono: successfully reloaded assembly
- Finished resetting the current domain, in  0.148 seconds
Domain Reload Profiling: 430ms
	BeginReloadAssembly (107ms)
		ExecutionOrderSort (0ms)
		DisableScriptedObjects (0ms)
		BackupInstance (0ms)
		ReleaseScriptingObjects (0ms)
		CreateAndSetChildDomain (0ms)
	RebuildCommonClasses (25ms)
	RebuildNativeTypeToScriptingClass (7ms)
	initialDomainReloadingComplete (32ms)
	LoadAllAssembliesAndSetupDomain (110ms)
		LoadAssemblies (109ms)
		RebuildTransferFunctionScriptingTraits (0ms)
		AnalyzeDomain (107ms)
			TypeCache.Refresh (106ms)
				TypeCache.ScanAssembly (93ms)
			ScanForSourceGeneratedMonoScriptInfo (0ms)
			ResolveRequiredComponents (0ms)
	FinalizeReload (148ms)
		ReleaseScriptCaches (0ms)
		RebuildScriptCaches (0ms)
		SetupLoadedEditorAssemblies (112ms)
			LogAssemblyErrors (0ms)
			InitializePlatformSupportModulesInManaged (5ms)
			SetLoadedEditorAssemblies (4ms)
			RefreshPlugins (0ms)
			BeforeProcessingInitializeOnLoad (1ms)
			ProcessInitializeOnLoadAttributes (74ms)
			ProcessInitializeOnLoadMethodAttributes (27ms)
			AfterProcessingInitializeOnLoad (0ms)
			EditorAssembliesLoaded (0ms)
		ExecutionOrderSort2 (0ms)
		AwakeInstancesAfterBackupRestoration (0ms)
========================================================================
Worker process is ready to serve import requests
Begin MonoManager ReloadAssembly
Symbol file LoadedFromMemory is not a mono symbol file
- Loaded All Assemblies, in  0.481 seconds
Refreshing native plugins compatible for Editor in 3.97 ms, found 2 plugins.
Native extension for WindowsStandalone target not found
Native extension for OSXStandalone target not found
Native extension for WebGL target not found
Package Manager log level set to [2]
[Package Manager] Server::EnsureServerProcessIsRunning -- launch failed, reason: Unity was launched with the -noUpm command-line argument
[Package Manager] UpmClient::Send -- Unable to send message (not connected to UPM process).
[Package Manager] Cannot connect to Unity Package Manager local server
Mono: successfully reloaded assembly
- Finished resetting the current domain, in  0.489 seconds
Domain Reload Profiling: 971ms
	BeginReloadAssembly (81ms)
		ExecutionOrderSort (0ms)
		DisableScriptedObjects (3ms)
		BackupInstance (0ms)
		ReleaseScriptingObjects (0ms)
		CreateAndSetChildDomain (16ms)
	RebuildCommonClasses (22ms)
	RebuildNativeTypeToScriptingClass (7ms)
	initialDomainReloadingComplete (21ms)
	LoadAllAssembliesAndSetupDomain (350ms)
		LoadAssemblies (293ms)
		RebuildTransferFunctionScriptingTraits (0ms)
		AnalyzeDomain (99ms)
			TypeCache.Refresh (89ms)
				TypeCache.ScanAssembly (76ms)
			ScanForSourceGeneratedMonoScriptInfo (8ms)
			ResolveRequiredComponents (2ms)
	FinalizeReload (489ms)
		ReleaseScriptCaches (0ms)
		RebuildScriptCaches (0ms)
		SetupLoadedEditorAssemblies (404ms)
			LogAssemblyErrors (0ms)
			InitializePlatformSupportModulesInManaged (3ms)
			SetLoadedEditorAssemblies (2ms)
			RefreshPlugins (0ms)
			BeforeProcessingInitializeOnLoad (28ms)
			ProcessInitializeOnLoadAttributes (280ms)
			ProcessInitializeOnLoadMethodAttributes (91ms)
			AfterProcessingInitializeOnLoad (1ms)
			EditorAssembliesLoaded (0ms)
		ExecutionOrderSort2 (0ms)
		AwakeInstancesAfterBackupRestoration (2ms)
Launching external process: /Applications/Unity/Hub/Editor/2022.3.10f1/Unity.app/Contents/Tools/UnityShaderCompiler
Launched and connected shader compiler UnityShaderCompiler after 0.31 seconds
Refreshing native plugins compatible for Editor in 4.29 ms, found 2 plugins.
Preloading 0 native plugins for Editor in 0.00 ms.
Unloading 2495 Unused Serialized files (Serialized files now loaded: 0)
Unloading 60 unused Assets / (62.5 KB). Loaded Objects now: 2942.
Memory consumption went from 112.1 MB to 112.0 MB.
Total: 5.656250 ms (FindLiveObjects: 0.101792 ms CreateObjectMapping: 0.038708 ms MarkObjects: 5.404917 ms  DeleteObjects: 0.110458 ms)

AssetImportParameters requested are different than current active one (requested -> active):
  custom:video-decoder-webm-vp8: 9c59270c3fd7afecdb556c50c9e8de78 -> 
  custom:SearchIndexIgnoredProperties: e643bd26f0fe6173181afceb89e7c659 -> 
  custom:container-demuxer-ogg: 62fdf1f143b41e24485cea50d1cbac27 -> 
  custom:AudioImporter_EditorPlatform: 3918e3fc78b5a79bad01e8451be0beb8 -> 
  custom:video-decoder-ogg-theora: a1e56fd34408186e4bbccfd4996cb3dc -> 
  custom:framework-osx-AVFoundation: e770b220cccbd017edd2c1fefb359320 -> 
  custom:video-encoder-webm-vp8: eb34c28f22e8b96e1ab97ce403110664 -> 
  custom:audio-decoder-ogg-vorbis: bf7c407c2cedff20999df2af8eb42d56 -> 
  custom:CustomObjectIndexerAttribute: 756ad292c208cfabdd7b50bc23989ffe -> 
  custom:container-demuxer-webm: 4f35f7cbe854078d1ac9338744f61a02 -> 
  custom:audio-encoder-webm-vorbis: bf7c407c2cedff20999df2af8eb42d56 -> 
  custom:container-muxer-webm: aa71ff27fc2769a1b78a27578f13a17b -> 
========================================================================
Received Import Request.
  Time since last request: 212308.626114 seconds.
  path: Assets/Scenes/Final
  artifactKey: Guid(d36252d128fa4403ea080b97fe4dcfec) Importer(815301076,1909f56bfc062723c751e8b465ee728b)
Start importing Assets/Scenes/Final using Guid(d36252d128fa4403ea080b97fe4dcfec) Importer(815301076,1909f56bfc062723c751e8b465ee728b)  -> (artifact id: 'e9d236c07832d742e5ba8ee5d2816ae3') in 0.001046 seconds
Number of updated asset objects reloaded before import = 0
Number of asset objects unloaded after import = 0
========================================================================
Received Import Request.
  Time since last request: 433.202452 seconds.
  path: Assets/Animations/Earth.controller
  artifactKey: Guid(d9b3d59e4a97643e48eaed0a7c3c8b1a) Importer(2089858483,0ecaa5967403d082aa24f35e1b516d23)
Start importing Assets/Animations/Earth.controller using Guid(d9b3d59e4a97643e48eaed0a7c3c8b1a) Importer(2089858483,0ecaa5967403d082aa24f35e1b516d23)  -> (artifact id: '4d28506af68221ab16484ec15a8b7edd') in 0.253628 seconds
Number of updated asset objects reloaded before import = 0
Number of asset objects unloaded after import = 4
========================================================================
Received Import Request.
  Time since last request: 0.000211 seconds.
  path: Assets/AHProxy/PlanetShader/DemoScene/Materials/Planets/Neptune.mat
  artifactKey: Guid(d95a85eabd31ab04f8e34af14f464c3f) Importer(2089858483,0ecaa5967403d082aa24f35e1b516d23)
Start importing Assets/AHProxy/PlanetShader/DemoScene/Materials/Planets/Neptune.mat using Guid(d95a85eabd31ab04f8e34af14f464c3f) Importer(2089858483,0ecaa5967403d082aa24f35e1b516d23)  -> (artifact id: '59db7c0849bb7ce39b3455ea2bb9570b') in 0.036823 seconds
Number of updated asset objects reloaded before import = 0
Number of asset objects unloaded after import = 2
========================================================================
Received Import Request.
  Time since last request: 0.000043 seconds.
  path: Assets/AHProxy/PlanetShader/DemoScene/Textures/Earth/4k_earth_normal_map.png
  artifactKey: Guid(170ba97657f19cf4496d1ac860281fbb) Importer(2089858483,0ecaa5967403d082aa24f35e1b516d23)
Start importing Assets/AHProxy/PlanetShader/DemoScene/Textures/Earth/4k_earth_normal_map.png using Guid(170ba97657f19cf4496d1ac860281fbb) Importer(2089858483,0ecaa5967403d082aa24f35e1b516d23)  -> (artifact id: '78fbf9f31850fb514805507050c1eafc') in 0.032485 seconds
Number of updated asset objects reloaded before import = 0
Number of asset objects unloaded after import = 1
========================================================================
Received Import Request.
  Time since last request: 0.000121 seconds.
  path: Assets/AHProxy/PlanetShader/Shader/PlanetShaderHi.shader
  artifactKey: Guid(543a72c43ae674441b36c43b80402166) Importer(2089858483,0ecaa5967403d082aa24f35e1b516d23)
Start importing Assets/AHProxy/PlanetShader/Shader/PlanetShaderHi.shader using Guid(543a72c43ae674441b36c43b80402166) Importer(2089858483,0ecaa5967403d082aa24f35e1b516d23)  -> (artifact id: '61f8bfea3cd66e55a8c8aa28e8afff6f') in 0.012818 seconds
Number of updated asset objects reloaded before import = 0
Number of asset objects unloaded after import = 1
========================================================================
Received Import Request.
  Time since last request: 0.000123 seconds.
  path: Assets/Materials/Red.mat
  artifactKey: Guid(fbe3033ac9159435bb6ef3a2b1d660eb) Importer(2089858483,0ecaa5967403d082aa24f35e1b516d23)
Start importing Assets/Materials/Red.mat using Guid(fbe3033ac9159435bb6ef3a2b1d660eb) Importer(2089858483,0ecaa5967403d082aa24f35e1b516d23)  -> (artifact id: 'a24ceaf2897925e9f09cd55735a2175c') in 0.004138 seconds
Number of updated asset objects reloaded before import = 0
Number of asset objects unloaded after import = 1
========================================================================
Received Import Request.
  Time since last request: 0.000090 seconds.
  path: Assets/AHProxy/PlanetShader/DemoScene/Textures/Neptune/2k_neptune.png
  artifactKey: Guid(f5e49d81e37831042b1830c7ea4443f1) Importer(2089858483,0ecaa5967403d082aa24f35e1b516d23)
Start importing Assets/AHProxy/PlanetShader/DemoScene/Textures/Neptune/2k_neptune.png using Guid(f5e49d81e37831042b1830c7ea4443f1) Importer(2089858483,0ecaa5967403d082aa24f35e1b516d23)  -> (artifact id: 'e99440dbb885a00f42c5e61d2843beca') in 0.014460 seconds
Number of updated asset objects reloaded before import = 0
Number of asset objects unloaded after import = 1
========================================================================
Received Import Request.
  Time since last request: 0.000092 seconds.
  path: Assets/AHProxy/PlanetShader/DemoScene/Textures/Jupiter/4k_jupiter.png
  artifactKey: Guid(b86dc313469963f4aa75de4015cb511f) Importer(2089858483,0ecaa5967403d082aa24f35e1b516d23)
Start importing Assets/AHProxy/PlanetShader/DemoScene/Textures/Jupiter/4k_jupiter.png using Guid(b86dc313469963f4aa75de4015cb511f) Importer(2089858483,0ecaa5967403d082aa24f35e1b516d23)  -> (artifact id: '35fc320a8ddd4d98436263500846c939') in 0.013340 seconds
Number of updated asset objects reloaded before import = 0
Number of asset objects unloaded after import = 1
========================================================================
Received Import Request.
  Time since last request: 0.000114 seconds.
  path: Assets/Scenes/Final/Starter_2.unity
  artifactKey: Guid(1f23e816c728a434c84b329ca9227439) Importer(2089858483,0ecaa5967403d082aa24f35e1b516d23)
Start importing Assets/Scenes/Final/Starter_2.unity using Guid(1f23e816c728a434c84b329ca9227439) Importer(2089858483,0ecaa5967403d082aa24f35e1b516d23)  -> (artifact id: 'd384fdf1265057d5d4e6c49de43b8762') in 0.003039 seconds
Number of updated asset objects reloaded before import = 0
Number of asset objects unloaded after import = 1
========================================================================
Received Import Request.
  Time since last request: 0.000089 seconds.
  path: Assets/Scenes/Final/Starter_1.unity
  artifactKey: Guid(05fe4a5dcab0e497a8938d273f9abddf) Importer(2089858483,0ecaa5967403d082aa24f35e1b516d23)
Start importing Assets/Scenes/Final/Starter_1.unity using Guid(05fe4a5dcab0e497a8938d273f9abddf) Importer(2089858483,0ecaa5967403d082aa24f35e1b516d23)  -> (artifact id: 'e790967cc88223a67ec04677e89c498e') in 0.004952 seconds
Number of updated asset objects reloaded before import = 0
Number of asset objects unloaded after import = 1
========================================================================
Received Import Request.
  Time since last request: 0.000092 seconds.
  path: Assets/AHProxy/PlanetShader/DemoScene/Textures/Earth/4k_earth_heightmap.png
  artifactKey: Guid(5e0a897a24c87e240aa4c50719175048) Importer(2089858483,0ecaa5967403d082aa24f35e1b516d23)
Start importing Assets/AHProxy/PlanetShader/DemoScene/Textures/Earth/4k_earth_heightmap.png using Guid(5e0a897a24c87e240aa4c50719175048) Importer(2089858483,0ecaa5967403d082aa24f35e1b516d23)  -> (artifact id: '1315fc5b9505ea5446dad1f5d7810540') in 0.015579 seconds
Number of updated asset objects reloaded before import = 0
Number of asset objects unloaded after import = 1
========================================================================
Received Import Request.
  Time since last request: 0.000076 seconds.
  path: Assets/AHProxy/PlanetShader/DemoScene/Textures/Skybox/DemoSceneSkybox_right.png
  artifactKey: Guid(e2b163664e0e2104db8eb10718fd973d) Importer(2089858483,0ecaa5967403d082aa24f35e1b516d23)
Start importing Assets/AHProxy/PlanetShader/DemoScene/Textures/Skybox/DemoSceneSkybox_right.png using Guid(e2b163664e0e2104db8eb10718fd973d) Importer(2089858483,0ecaa5967403d082aa24f35e1b516d23)  -> (artifact id: '5b292de15ebafc79b59727b296122351') in 0.012474 seconds
Number of updated asset objects reloaded before import = 0
Number of asset objects unloaded after import = 1
========================================================================
Received Import Request.
  Time since last request: 0.000093 seconds.
  path: Assets/AHProxy/PlanetShader/DemoScene/Textures/Skybox/DemoSceneSkybox_up.png
  artifactKey: Guid(9d407d9fcb7308640ac7e7b7f41a9c37) Importer(2089858483,0ecaa5967403d082aa24f35e1b516d23)
Start importing Assets/AHProxy/PlanetShader/DemoScene/Textures/Skybox/DemoSceneSkybox_up.png using Guid(9d407d9fcb7308640ac7e7b7f41a9c37) Importer(2089858483,0ecaa5967403d082aa24f35e1b516d23)  -> (artifact id: '28fcae5a2cc38ee77d72b1baeddf2584') in 0.010954 seconds
Number of updated asset objects reloaded before import = 0
Number of asset objects unloaded after import = 1
========================================================================
Received Import Request.
  Time since last request: 0.000090 seconds.
  path: Assets/AHProxy/PlanetShader/DemoScene/Textures/Skybox/DemoSceneSkybox_left.png
  artifactKey: Guid(e7c8040973efbea41a811483481ec773) Importer(2089858483,0ecaa5967403d082aa24f35e1b516d23)
Start importing Assets/AHProxy/PlanetShader/DemoScene/Textures/Skybox/DemoSceneSkybox_left.png using Guid(e7c8040973efbea41a811483481ec773) Importer(2089858483,0ecaa5967403d082aa24f35e1b516d23)  -> (artifact id: '6019dedd7b570dd0de5c5a350c36127e') in 0.010970 seconds
Number of updated asset objects reloaded before import = 0
Number of asset objects unloaded after import = 1
========================================================================
Received Import Request.
  Time since last request: 0.000070 seconds.
  path: Assets/AHProxy/PlanetShader/DemoScene/Materials/Planets/Earth.mat
  artifactKey: Guid(2428d1f34e850404d929653306f2a06d) Importer(2089858483,0ecaa5967403d082aa24f35e1b516d23)
Start importing Assets/AHProxy/PlanetShader/DemoScene/Materials/Planets/Earth.mat using Guid(2428d1f34e850404d929653306f2a06d) Importer(2089858483,0ecaa5967403d082aa24f35e1b516d23)  -> (artifact id: 'c13d8bdf1f19246f6b191ed2323488fc') in 0.012605 seconds
Number of updated asset objects reloaded before import = 0
Number of asset objects unloaded after import = 7
========================================================================
Received Import Request.
  Time since last request: 0.000031 seconds.
  path: Assets/AHProxy/PlanetShader/DemoScene/Textures/Skybox/DemoSceneSkybox_down.png
  artifactKey: Guid(109b1844be503e74199ebbb73037d0a1) Importer(2089858483,0ecaa5967403d082aa24f35e1b516d23)
Start importing Assets/AHProxy/PlanetShader/DemoScene/Textures/Skybox/DemoSceneSkybox_down.png using Guid(109b1844be503e74199ebbb73037d0a1) Importer(2089858483,0ecaa5967403d082aa24f35e1b516d23)  -> (artifact id: 'ae7ee275c6593f9652cb4cf4aceba441') in 0.015081 seconds
Number of updated asset objects reloaded before import = 0
Number of asset objects unloaded after import = 1
========================================================================
Received Prepare
Begin MonoManager ReloadAssembly
Thread 0x32ed87000 may have been prematurely finalized
Symbol file LoadedFromMemory is not a mono symbol file
- Loaded All Assemblies, in  0.396 seconds
Refreshing native plugins compatible for Editor in 4.20 ms, found 2 plugins.
Native extension for WindowsStandalone target not found
Native extension for OSXStandalone target not found
Native extension for WebGL target not found
[Package Manager] Server::EnsureServerProcessIsRunning -- launch failed, reason: Unity was launched with the -noUpm command-line argument
[Package Manager] UpmClient::Send -- Unable to send message (not connected to UPM process).
[Package Manager] Cannot connect to Unity Package Manager local server
Mono: successfully reloaded assembly
- Finished resetting the current domain, in  0.848 seconds
Domain Reload Profiling: 1244ms
	BeginReloadAssembly (123ms)
		ExecutionOrderSort (0ms)
		DisableScriptedObjects (5ms)
		BackupInstance (0ms)
		ReleaseScriptingObjects (0ms)
		CreateAndSetChildDomain (49ms)
	RebuildCommonClasses (22ms)
	RebuildNativeTypeToScriptingClass (8ms)
	initialDomainReloadingComplete (14ms)
	LoadAllAssembliesAndSetupDomain (230ms)
		LoadAssemblies (257ms)
		RebuildTransferFunctionScriptingTraits (0ms)
		AnalyzeDomain (18ms)
			TypeCache.Refresh (14ms)
				TypeCache.ScanAssembly (0ms)
			ScanForSourceGeneratedMonoScriptInfo (0ms)
			ResolveRequiredComponents (3ms)
	FinalizeReload (848ms)
		ReleaseScriptCaches (0ms)
		RebuildScriptCaches (0ms)
		SetupLoadedEditorAssemblies (392ms)
			LogAssemblyErrors (0ms)
			InitializePlatformSupportModulesInManaged (4ms)
			SetLoadedEditorAssemblies (3ms)
			RefreshPlugins (0ms)
			BeforeProcessingInitializeOnLoad (30ms)
			ProcessInitializeOnLoadAttributes (267ms)
			ProcessInitializeOnLoadMethodAttributes (88ms)
			AfterProcessingInitializeOnLoad (1ms)
			EditorAssembliesLoaded (0ms)
		ExecutionOrderSort2 (0ms)
		AwakeInstancesAfterBackupRestoration (2ms)
Refreshing native plugins compatible for Editor in 2.85 ms, found 2 plugins.
Preloading 0 native plugins for Editor in 0.00 ms.
Unloading 2487 Unused Serialized files (Serialized files now loaded: 0)
Unloading 49 unused Assets / (42.4 KB). Loaded Objects now: 2945.
Memory consumption went from 121.8 MB to 121.7 MB.
Total: 6.104708 ms (FindLiveObjects: 0.085917 ms CreateObjectMapping: 0.036666 ms MarkObjects: 5.907167 ms  DeleteObjects: 0.074583 ms)

Prepare: number of updated asset objects reloaded= 0
AssetImportParameters requested are different than current active one (requested -> active):
  custom:video-decoder-webm-vp8: 9c59270c3fd7afecdb556c50c9e8de78 -> 
  custom:SearchIndexIgnoredProperties: e643bd26f0fe6173181afceb89e7c659 -> 
  custom:container-demuxer-ogg: 62fdf1f143b41e24485cea50d1cbac27 -> 
  custom:AudioImporter_EditorPlatform: 3918e3fc78b5a79bad01e8451be0beb8 -> 
  custom:video-decoder-ogg-theora: a1e56fd34408186e4bbccfd4996cb3dc -> 
  custom:framework-osx-AVFoundation: e770b220cccbd017edd2c1fefb359320 -> 
  custom:video-encoder-webm-vp8: eb34c28f22e8b96e1ab97ce403110664 -> 
  custom:audio-decoder-ogg-vorbis: bf7c407c2cedff20999df2af8eb42d56 -> 
  custom:CustomObjectIndexerAttribute: 756ad292c208cfabdd7b50bc23989ffe -> 
  custom:container-demuxer-webm: 4f35f7cbe854078d1ac9338744f61a02 -> 
  custom:audio-encoder-webm-vorbis: bf7c407c2cedff20999df2af8eb42d56 -> 
  custom:container-muxer-webm: aa71ff27fc2769a1b78a27578f13a17b -> 
